
can_main_hw_init
can_main_hw_msg_obj_init: msg_obj = 0
can_main_hw_msg_obj_init: msg_obj = 1
can_main_hw_msg_obj_init: msg_obj = 2
can_main_hw_msg_obj_init: msg_obj = 3
can_main_hw_msg_obj_init: msg_obj = 4
can_main_hw_msg_obj_init: msg_obj = 5
can_main_hw_msg_obj_init: msg_obj = 6
can_main_hw_msg_obj_init: msg_obj = 7
can_main_hw_msg_obj_init: msg_obj = 8
can_main_hw_msg_obj_init: msg_obj = 9
can_main_hw_msg_obj_init: msg_obj = 10
can_main_hw_msg_obj_init: msg_obj = 11
can_main_hw_msg_obj_init: msg_obj = 12
can_main_hw_msg_obj_init: msg_obj = 13
can_main_hw_msg_obj_init: msg_obj = 14
can_main_hw_msg_obj_init: msg_obj = 15
can_main_hw_msg_obj_init: msg_obj = 16
can_main_hw_msg_obj_init: msg_obj = 17
can_main_hw_msg_obj_init: msg_obj = 18
can_main_hw_msg_obj_init: msg_obj = 19
can_main_hw_msg_obj_init: msg_obj = 20
can_main_hw_msg_obj_init: msg_obj = 21
can_main_hw_msg_obj_init: msg_obj = 22
can_main_hw_msg_obj_init: msg_obj = 23
can_main_hw_msg_obj_init: msg_obj = 24
can_main_hw_msg_obj_init: msg_obj = 25
can_main_hw_msg_obj_init: msg_obj = 26
can_main_hw_msg_obj_init: msg_obj = 27
can_main_hw_msg_obj_init: msg_obj = 28
can_main_hw_msg_obj_init: msg_obj = 29
can_main_hw_msg_obj_init: msg_obj = 30
can_main_hw_msg_obj_init: msg_obj = 31
can_main_hw_define_msg_obj: msg_obj = 0, can_id = 1, acceptance_mask = 2047, dlc = 1, dir = 0, can_main_service_id = 1
can_main_hw_define_msg_obj: msg_obj = 2, can_id = 2, acceptance_mask = 2047, dlc = 8, dir = 0, can_main_service_id = 1
can_main_hw_define_msg_obj: msg_obj = 3, can_id = 2, acceptance_mask = 2047, dlc = 8, dir = 0, can_main_service_id = 1
can_main_hw_define_msg_obj: msg_obj = 9, can_id = 0, acceptance_mask = 2047, dlc = 0, dir = 1, can_main_service_id = 0
can_main_hw_define_msg_obj: msg_obj = 7, can_id = 0, acceptance_mask = 2047, dlc = 0, dir = 1, can_main_service_id = 0
can_main_hw_define_msg_obj: msg_obj = 6, can_id = 1536, acceptance_mask = 2047, dlc = 8, dir = 0, can_main_service_id = 3
can_main_hw_get_next_free_msg_objmsg_obj = 5841
can_main_hw_define_msg_obj: msg_obj = 1, can_id = 0, acceptance_mask = 2047, dlc = 0, dir = 1, can_main_service_id = 0
can_main_hw_get_next_free_msg_objmsg_obj = 1
can_main_hw_define_msg_obj: msg_obj = 4, can_id = 0, acceptance_mask = 2047, dlc = 0, dir = 1, can_main_service_id = 0
can_main_hw_get_next_free_msg_objmsg_obj = 5788
can_main_hw_define_msg_obj: msg_obj = 5, can_id = 960, acceptance_mask = 2047, dlc = 8, dir = 0, can_main_service_id = 1
can_main_hw_get_next_free_msg_objmsg_obj = 5
can_main_hw_define_msg_obj: msg_obj = 8, can_id = 961, acceptance_mask = 2047, dlc = 8, dir = 0, can_main_service_id = 1
can_main_hw_get_next_free_msg_objmsg_obj = 8
can_main_hw_define_msg_obj: msg_obj = 10, can_id = 962, acceptance_mask = 2047, dlc = 8, dir = 0, can_main_service_id = 1
can_main_hw_get_next_free_msg_objmsg_obj = 10
can_main_hw_define_msg_obj: msg_obj = 11, can_id = 963, acceptance_mask = 2047, dlc = 8, dir = 0, can_main_service_id = 1
can_main_hw_get_next_free_msg_objmsg_obj = 0
can_main_hw_define_msg_obj: msg_obj = 12, can_id = 1984, acceptance_mask = 2047, dlc = 8, dir = 0, can_main_service_id = 4
can_main_hw_define_msg_obj: msg_obj = 6, can_id = 1538, acceptance_mask = 1599, dlc = 8, dir = 0, can_main_service_id = 3
can_main_hw_define_msg_obj: msg_obj = 2, can_id = 2, acceptance_mask = 1599, dlc = 8, dir = 0, can_main_service_id = 1
can_main_hw_define_msg_obj: msg_obj = 3, can_id = 2, acceptance_mask = 1599, dlc = 8, dir = 0, can_main_service_id = 1
can_main_hw_get_next_free_msg_objmsg_obj = 12
can_main_hw_define_msg_obj: msg_obj = 13, can_id = 964, acceptance_mask = 2047, dlc = 8, dir = 0, can_main_service_id = 1
can_main_hw_get_next_free_msg_objmsg_obj = 13
can_main_hw_define_msg_obj: msg_obj = 14, can_id = 965, acceptance_mask = 2047, dlc = 8, dir = 0, can_main_service_id = 1
can_main_hw_get_next_free_msg_objmsg_obj = 14
can_main_hw_define_msg_obj: msg_obj = 15, can_id = 966, acceptance_mask = 2047, dlc = 8, dir = 0, can_main_service_id = 1
can_main_hw_get_next_free_msg_objmsg_obj = 15
can_main_hw_define_msg_obj: msg_obj = 16, ca